
3/3/2023 9:58:05 PM (Universal Time)
Compiling Macro: 830!830

3/3/2023 9:58:05 PM (Universal Time)
Compiling Macro: Dewey!FourFig

3/3/2023 9:58:05 PM (Universal Time)
Compiling Macro: Dewey!Sanborn

3/3/2023 9:58:05 PM (Universal Time)
Compiling Macro: OCLC!Add33x

3/3/2023 9:58:05 PM (Universal Time)
Compiling Macro: OCLC!Add&Edit007

3/3/2023 9:58:05 PM (Universal Time)
Compiling Macro: OCLC!Generate034

3/3/2023 9:58:05 PM (Universal Time)
Compiling Macro: OCLC!Generate043

3/3/2023 9:58:05 PM (Universal Time)
Compiling Macro: OCLC!Generate891

3/3/2023 9:58:05 PM (Universal Time)
Compiling Macro: OCLC!InsertHeading

3/3/2023 9:58:05 PM (Universal Time)
Compiling Macro: OCLC!AddSerialNotes

3/3/2023 9:58:05 PM (Universal Time)
Compiling Macro: OCLC!PunctuationAdd

3/3/2023 9:58:05 PM (Universal Time)
Compiling Macro: OCLC!AddAuthority6xx

3/3/2023 9:58:05 PM (Universal Time)
Compiling Macro: OCLC!GenerateERecord

3/3/2023 9:58:05 PM (Universal Time)
Compiling Macro: OCLC!PunctuationRemove

3/3/2023 9:58:05 PM (Universal Time)
Compiling Macro: OCLC!ClearELvl3Workform

3/3/2023 9:58:05 PM (Universal Time)
Compiling Macro: OCLC!BrowseAuthorityIndex

3/3/2023 9:58:05 PM (Universal Time)
Compiling Macro: OCLC!GenerateAuthorityRecord

3/3/2023 9:58:05 PM (Universal Time)
Compiling Macro: OCLC!BrowseBibliographicIndex

3/3/2023 9:58:05 PM (Universal Time)
Compiling Macro: Transliteration!Latin2Thai

3/3/2023 9:58:05 PM (Universal Time)
Compiling Macro: Transliteration!Latin2Urdu

3/3/2023 9:58:05 PM (Universal Time)
Compiling Macro: Transliteration!Thai2Latin

3/3/2023 9:58:05 PM (Universal Time)
Compiling Macro: Transliteration!Urdu2Latin

3/3/2023 9:58:05 PM (Universal Time)
Compiling Macro: Transliteration!Greek2Latin

3/3/2023 9:58:05 PM (Universal Time)
Compiling Macro: Transliteration!Latin2Greek

3/3/2023 9:58:06 PM (Universal Time)
Compiling Macro: Transliteration!Latin2Tamil

3/3/2023 9:58:06 PM (Universal Time)
Compiling Macro: Transliteration!Hebrew2Latin

3/3/2023 9:58:06 PM (Universal Time)
Compiling Macro: Transliteration!Korean2Latin

3/3/2023 9:58:06 PM (Universal Time)
Compiling Macro: Transliteration!Latin2Hebrew

3/3/2023 9:58:06 PM (Universal Time)
Compiling Macro: Transliteration!Syriac2Latin

3/3/2023 9:58:06 PM (Universal Time)
Compiling Macro: Transliteration!Armenian2Latin

3/3/2023 9:58:06 PM (Universal Time)
Compiling Macro: Transliteration!Cyrillic2Latin

3/3/2023 9:58:06 PM (Universal Time)
Compiling Macro: Transliteration!Ethiopic2Latin

3/3/2023 9:58:06 PM (Universal Time)
Compiling Macro: Transliteration!Latin2Armenian

3/3/2023 9:58:06 PM (Universal Time)
Compiling Macro: Transliteration!Latin2Cyrillic

3/3/2023 9:58:06 PM (Universal Time)
Compiling Macro: Transliteration!Latin2Ethiopic

3/3/2023 9:58:06 PM (Universal Time)
Compiling Macro: Transliteration!Devanagari2Latin

3/3/2023 9:58:06 PM (Universal Time)
Compiling Macro: Transliteration!Latin2Devanagari
